Listening for transport dt_socket at address: 56970
{"logLevel":"debug","message":"multithreading is set to false"}
{"logLevel":"debug","message":"Using reflection to scan dependencies for gauge implementations..."}
log4j:WARN No appenders could be found for logger (io.grpc.netty.shaded.io.netty.util.internal.logging.InternalLoggerFactory).
log4j:WARN Please initialize the log4j system properly.
log4j:WARN See http://logging.apache.org/log4j/1.2/faq.html#noconfig for more info.
{"logLevel":"debug","message":"gauge-java took 645milliseconds to load and scan. This should be less than 'runner_connection_timeout' config value."}
{"logLevel":"debug","message":"run 'gauge config runner_connection_timeout' and verify that it is < 645"}
{"logLevel":"debug","message":"starting gRPC server..."}
{"logLevel":"debug","message":"started gRPC server on port 57004"}
{"logLevel":"info","message":"Listening on port:57004"}
{"logLevel":"debug","message":"Scanning packages for steps"}
{"logLevel":"debug","message":"Comparing 'StepImp.waitForsecond' and 'StepImp.waitForsecond'"}
{"logLevel":"debug","message":"Found {} saniye kadar bekle in current project scope."}
{"logLevel":"debug","message":"Comparing 'StepImp.clickBycss' and 'StepImp.clickBycss'"}
{"logLevel":"debug","message":"Found {} Css verilen elementi bul ve tıkla in current project scope."}
{"logLevel":"debug","message":"Comparing 'StepImp.sendKeysbyCss' and 'StepImp.sendKeysbyCss'"}
{"logLevel":"debug","message":"Found {} Css verilen elementi bul ve {} değerini yaz in current project scope."}
{"logLevel":"debug","message":"Comparing 'StepImp.checkText' and 'StepImp.checkText'"}
{"logLevel":"debug","message":"Found {} Cssli elementi bul ve {} değerini içerdiğini kontrol et in current project scope."}
{"logLevel":"debug","message":"Scanning packages for hooks"}
{"logLevel":"debug","message":"Scanned steps (using static parsing + reflections): "}
{"logLevel":"debug","message":"\t{} Css verilen elementi bul ve {} değerini yaz : public void sendKeysbyCss(String css, String text)"}
{"logLevel":"debug","message":"\t{} Cssli elementi bul ve {} değerini içerdiğini kontrol et : public void checkText(String css, String text)"}
{"logLevel":"debug","message":"\t{} saniye kadar bekle : public void waitForsecond(int second) throws InterruptedException"}
{"logLevel":"debug","message":"\t{} Css verilen elementi bul ve tıkla : public void clickBycss(String css)"}
May 21, 2022 3:13:20 PM org.openqa.selenium.remote.DesiredCapabilities chrome
INFO: Using `new ChromeOptions()` is preferred to `DesiredCapabilities.chrome()`
Starting ChromeDriver 101.0.4951.41 (93c720db8323b3ec10d056025ab95c23a31997c9-refs/branch-heads/4951@{#904}) on port 39763
Only local connections are allowed.
Please see https://chromedriver.chromium.org/security-considerations for suggestions on keeping ChromeDriver safe.
ChromeDriver was started successfully.
May 21, 2022 3:13:21 PM org.openqa.selenium.remote.ProtocolHandshake createSession
INFO: Detected dialect: W3C
{"logLevel":"debug","message":"Executing '{} saniye kadar bekle' using 'class StepImp.waitForsecond"}
{"logLevel":"debug","message":"Executing '{} Css verilen elementi bul ve {} değerini yaz' using 'class StepImp.sendKeysbyCss"}
{"logLevel":"debug","message":"Executing '{} saniye kadar bekle' using 'class StepImp.waitForsecond"}
{"logLevel":"debug","message":"Executing '{} Css verilen elementi bul ve tıkla' using 'class StepImp.clickBycss"}
{"logLevel":"debug","message":"Executing '{} saniye kadar bekle' using 'class StepImp.waitForsecond"}
{"logLevel":"debug","message":"Executing '{} Cssli elementi bul ve {} değerini içerdiğini kontrol et' using 'class StepImp.checkText"}
Listening for transport dt_socket at address: 56970
